<?xml version="1.0" encoding="utf-8"?><testsuites name="pytest tests"><testsuite name="pytest" errors="0" failures="0" skipped="0" tests="8" time="2.126" timestamp="2026-07-06T18:22:10.192741+00:00" hostname="agent-env-7468deaa-ccde-437c-ba46-1517197d3b55"><testcase classname="tests.test_phase3.TestAuthProtection" name="test_news_requires_auth" time="0.422" /><testcase classname="tests.test_phase3.TestAuthProtection" name="test_diary_stats_requires_auth" time="0.116" /><testcase classname="tests.test_phase3.TestNews" name="test_news_returns_three_categories" time="0.483" /><testcase classname="tests.test_phase3.TestNews" name="test_each_category_has_items_and_fields" time="0.053" /><testcase classname="tests.test_phase3.TestAuthProtection" name="test_tasks_requires_auth" time="0.168" /><testcase classname="tests.test_phase3.TestNews" name="test_news_sources_are_real_brazilian" time="0.062" /><testcase classname="tests.test_phase3.TestDiaryStats" name="test_stats_structure_empty_baseline" time="0.411" /><testcase classname="tests.test_phase3.TestDiaryStats" name="test_stats_reflects_new_diary_entry" time="0.248" /></testsuite></testsuites>